[    0.000000] Initializing cgroup subsys cpuset
[    0.000000] Initializing cgroup subsys cpu
[    0.000000] Initializing cgroup subsys cpuacct
[    0.000000] Linux version 4.4.0-157-generic (buildd@lgw01-amd64-037) (gcc version 5.4.0 20160609 (Ubuntu 5.4.0-6ubuntu1~16.04.10) ) #185-Ubuntu SMP Tue Jul 23 09:17:01 UTC 2019 (Ubuntu 4.4.0-157.185-generic 4.4.181)
[    0.000000] Command line: BOOT_IMAGE=/boot/vmlinuz-4.4.0-157-generic root=LABEL=cloudimg-rootfs ro console=tty1 console=ttyS0
[    0.000000] KERNEL supported cpus:
[    0.000000]   Intel GenuineIntel
[    0.000000]   AMD AuthenticAMD
[    0.000000]   Centaur CentaurHauls
[    0.000000] x86/fpu: xstate_offset[2]:  576, xstate_sizes[2]:  256
[    0.000000] x86/fpu: Supporting XSAVE feature 0x01: 'x87 floating point registers'
[    0.000000] x86/fpu: Supporting XSAVE feature 0x02: 'SSE registers'
[    0.000000] x86/fpu: Supporting XSAVE feature 0x04: 'AVX registers'
[    0.000000] x86/fpu: Enabled xstate features 0x7, context size is 832 bytes, using 'standard' format.
[    0.000000] e820: BIOS-provided physical RAM map:
[    0.000000] BIOS-e820: [mem 0x0000000000000000-0x000000000009fbff] usable
[    0.000000] BIOS-e820: [mem 0x000000000009fc00-0x000000000009ffff] reserved
[    0.000000] BIOS-e820: [mem 0x00000000000f0000-0x00000000000fffff] reserved
[    0.000000] BIOS-e820: [mem 0x0000000000100000-0x000000003ffeffff] usable
[    0.000000] BIOS-e820: [mem 0x000000003fff0000-0x000000003fffffff] ACPI data
[    0.000000] BIOS-e820: [mem 0x00000000fec00000-0x00000000fec00fff] reserved
[    0.000000] BIOS-e820: [mem 0x00000000fee00000-0x00000000fee00fff] reserved
[    0.000000] BIOS-e820: [mem 0x00000000fffc0000-0x00000000ffffffff] reserved
[    0.000000] NX (Execute Disable) protection: active
[    0.000000] SMBIOS 2.5 present.
[    0.000000] Hypervisor detected: KVM
[    0.000000] e820: last_pfn = 0x3fff0 max_arch_pfn = 0x400000000
[    0.000000] MTRR: Disabled
[    0.000000] x86/PAT: MTRRs disabled, skipping PAT initialization too.
[    0.000000] CPU MTRRs all blank - virtualized system.
[    0.000000] x86/PAT: Configuration [0-7]: WB  WT  UC- UC  WB  WT  UC- UC  
[    0.000000] found SMP MP-table at [mem 0x0009fff0-0x0009ffff] mapped at [ffff88000009fff0]
[    0.000000] Scanning 1 areas for low memory corruption
[    0.000000] RAMDISK: [mem 0x362fc000-0x37175fff]
[    0.000000] ACPI: Early table checksum verification disabled
[    0.000000] ACPI: RSDP 0x00000000000E0000 000024 (v02 VBOX  )
[    0.000000] ACPI: XSDT 0x000000003FFF0030 00003C (v01 VBOX   VBOXXSDT 00000001 ASL  00000061)
[    0.000000] ACPI: FACP 0x000000003FFF00F0 0000F4 (v04 VBOX   VBOXFACP 00000001 ASL  00000061)
[    0.000000] ACPI: DSDT 0x000000003FFF0470 0022EA (v02 VBOX   VBOXBIOS 00000002 INTL 20100528)
[    0.000000] ACPI: FACS 0x000000003FFF0200 000040
[    0.000000] ACPI: FACS 0x000000003FFF0200 000040
[    0.000000] ACPI: APIC 0x000000003FFF0240 00005C (v02 VBOX   VBOXAPIC 00000001 ASL  00000061)
[    0.000000] ACPI: SSDT 0x000000003FFF02A0 0001CC (v01 VBOX   VBOXCPUT 00000002 INTL 20100528)
[    0.000000] No NUMA configuration found
[    0.000000] Faking a node at [mem 0x0000000000000000-0x000000003ffeffff]
[    0.000000] NODE_DATA(0) allocated [mem 0x3ffeb000-0x3ffeffff]
[    0.000000] kvm-clock: Using msrs 4b564d01 and 4b564d00
[    0.000000] kvm-clock: cpu 0, msr 0:3ffe3001, primary cpu clock
[    0.000000] kvm-clock: using sched offset of 3574671440 cycles
[    0.000000] clocksource: kvm-clock: mask: 0xffffffffffffffff max_cycles: 0x1cd42e4dffb, max_idle_ns: 881590591483 ns
[    0.000000] Zone ranges:
[    0.000000]   DMA      [mem 0x0000000000001000-0x0000000000ffffff]
[    0.000000]   DMA32    [mem 0x0000000001000000-0x000000003ffeffff]
[    0.000000]   Normal   empty
[    0.000000]   Device   empty
[    0.000000] Movable zone start for each node
[    0.000000] Early memory node ranges
[    0.000000]   node   0: [mem 0x0000000000001000-0x000000000009efff]
[    0.000000]   node   0: [mem 0x0000000000100000-0x000000003ffeffff]
[    0.000000] Initmem setup node 0 [mem 0x0000000000001000-0x000000003ffeffff]
[    0.000000] ACPI: PM-Timer IO Port: 0x4008
[    0.000000] IOAPIC[0]: apic_id 2, version 32, address 0xfec00000, GSI 0-23
[    0.000000] ACPI: INT_SRC_OVR (bus 0 bus_irq 0 global_irq 2 dfl dfl)
[    0.000000] ACPI: INT_SRC_OVR (bus 0 bus_irq 9 global_irq 9 low level)
[    0.000000] Using ACPI (MADT) for SMP configuration information
[    0.000000] smpboot: Allowing 2 CPUs, 0 hotplug CPUs
[    0.000000] PM: Registered nosave memory: [mem 0x00000000-0x00000fff]
[    0.000000] PM: Registered nosave memory: [mem 0x0009f000-0x0009ffff]
[    0.000000] PM: Registered nosave memory: [mem 0x000a0000-0x000effff]
[    0.000000] PM: Registered nosave memory: [mem 0x000f0000-0x000fffff]
[    0.000000] e820: [mem 0x40000000-0xfebfffff] available for PCI devices
[    0.000000] Booting paravirtualized kernel on KVM
[    0.000000] clocksource: refined-jiffies: mask: 0xffffffff max_cycles: 0xffffffff, max_idle_ns: 7645519600211568 ns
[    0.000000] setup_percpu: NR_CPUS:512 nr_cpumask_bits:512 nr_cpu_ids:2 nr_node_ids:1
[    0.000000] PERCPU: Embedded 34 pages/cpu @ffff88003fc00000 s99544 r8192 d31528 u1048576
[    0.000000] Built 1 zonelists in Node order, mobility grouping on.  Total pages: 257912
[    0.000000] Policy zone: DMA32
[    0.000000] Kernel command line: BOOT_IMAGE=/boot/vmlinuz-4.4.0-157-generic root=LABEL=cloudimg-rootfs ro console=tty1 console=ttyS0
[    0.000000] PID hash table entries: 4096 (order: 3, 32768 bytes)
[    0.000000] Memory: 997736K/1048120K available (8618K kernel code, 1335K rwdata, 4032K rodata, 1484K init, 1284K bss, 50384K reserved, 0K cma-reserved)
[    0.000000] SLUB: HWalign=64, Order=0-3, MinObjects=0, CPUs=2, Nodes=1
[    0.000000] Kernel/User page tables isolation: enabled
[    0.000000] Hierarchical RCU implementation.
[    0.000000] 	Build-time adjustment of leaf fanout to 64.
[    0.000000] 	RCU restricting CPUs from NR_CPUS=512 to nr_cpu_ids=2.
[    0.000000] RCU: Adjusting geometry for rcu_fanout_leaf=64, nr_cpu_ids=2
[    0.000000] NR_IRQS:33024 nr_irqs:440 16
[    0.000000] Console: colour VGA+ 80x25
[    0.000000] console [tty1] enabled
[    0.000000] console [ttyS0] enabled
[    0.000000] tsc: Detected 2711.994 MHz processor
[    0.216400] Calibrating delay loop (skipped) preset value.. 5423.98 BogoMIPS (lpj=10847976)
[    0.219197] pid_max: default: 32768 minimum: 301
[    0.220557] ACPI: Core revision 20150930
[    0.224656] ACPI: 2 ACPI AML tables successfully acquired and loaded
[    0.226853] Security Framework initialized
[    0.228212] Yama: becoming mindful.
[    0.229450] AppArmor: AppArmor initialized
[    0.230922] Dentry cache hash table entries: 131072 (order: 8, 1048576 bytes)
[    0.233919] Inode-cache hash table entries: 65536 (order: 7, 524288 bytes)
[    0.236032] Mount-cache hash table entries: 2048 (order: 2, 16384 bytes)
[    0.237894] Mountpoint-cache hash table entries: 2048 (order: 2, 16384 bytes)
[    0.240394] Initializing cgroup subsys io
[    0.241699] Initializing cgroup subsys memory
[    0.243081] Initializing cgroup subsys devices
[    0.244791] Initializing cgroup subsys freezer
[    0.246556] Initializing cgroup subsys net_cls
[    0.247907] Initializing cgroup subsys perf_event
[    0.249342] Initializing cgroup subsys net_prio
[    0.250673] Initializing cgroup subsys hugetlb
[    0.252268] Initializing cgroup subsys pids
[    0.255423] mce: CPU supports 0 MCE banks
[    0.256804] Last level iTLB entries: 4KB 64, 2MB 8, 4MB 8
[    0.258423] Last level dTLB entries: 4KB 64, 2MB 0, 4MB 0, 1GB 4
[    0.260234] Spectre V2 : Mitigation: Full generic retpoline
[    0.262001] Spectre V2 : Spectre v2 / SpectreRSB mitigation: Filling RSB on context switch
[    0.265185] Speculative Store Bypass: Vulnerable
[    0.266771] MDS: Vulnerable: Clear CPU buffers attempted, no microcode
[    0.273428] Freeing SMP alternatives memory: 36K
[    0.284441] ftrace: allocating 32312 entries in 127 pages
[    0.374309] smpboot: APIC(0) Converting physical 0 to logical package 0
[    0.376787] smpboot: Max logical packages: 1
[    0.378787] x2apic enabled
[    0.380317] Switched APIC routing to physical x2apic.
[    0.384149] ..TIMER: vector=0x30 apic1=0 pin1=2 apic2=-1 pin2=-1
[    0.491281] smpboot: CPU0: Intel(R) Core(TM) i5-7200U CPU @ 2.50GHz (family: 0x6, model: 0x8e, stepping: 0x9)
[    0.494662] Performance Events: unsupported p6 CPU model 142 no PMU driver, software events only.
[    0.510751] KVM setup paravirtual spinlock
[    0.513130] x86: Booting SMP configuration:
[    0.514903] .... node  #0, CPUs:      #1
[    0.516342] kvm-clock: cpu 1, msr 0:3ffe3041, secondary cpu clock
[    0.518679] mce: CPU supports 0 MCE banks
[    0.521747] x86: Booted up 1 node, 2 CPUs
[    0.523634] smpboot: Total of 2 processors activated (10847.97 BogoMIPS)
[    0.526110] devtmpfs: initialized
[    0.529748] evm: security.selinux
[    0.531048] evm: security.SMACK64
[    0.532394] evm: security.SMACK64EXEC
[    0.533844] evm: security.SMACK64TRANSMUTE
[    0.535140] evm: security.SMACK64MMAP
[    0.536821] evm: security.ima
[    0.537926] evm: security.capability
[    0.539696] clocksource: jiffies: mask: 0xffffffff max_cycles: 0xffffffff, max_idle_ns: 7645041785100000 ns
[    0.543185] futex hash table entries: 512 (order: 3, 32768 bytes)
[    0.545583] pinctrl core: initialized pinctrl subsystem
[    0.547259] RTC time:  7:24:27, date: 07/30/19
[    0.548936] NET: Registered protocol family 16
[    0.560487] cpuidle: using governor ladder
[    0.572208] cpuidle: using governor menu
[    0.573747] PCCT header not found.
[    0.574998] ACPI: bus type PCI registered
[    0.576620] acpiphp: ACPI Hot Plug PCI Controller Driver version: 0.5
[    0.578519] PCI: Using configuration type 1 for base access
[    0.593316] ACPI: Added _OSI(Module Device)
[    0.595008] ACPI: Added _OSI(Processor Device)
[    0.596489] ACPI: Added _OSI(3.0 _SCP Extensions)
[    0.598013] ACPI: Added _OSI(Processor Aggregator Device)
[    0.600349] ACPI: Executed 1 blocks of module-level executable AML code
[    0.605834] ACPI: Interpreter enabled
[    0.607099] ACPI: (supports S0 S5)
[    0.608309] ACPI: Using IOAPIC for interrupt routing
[    0.610559] PCI: Using host bridge windows from ACPI; if necessary, use "pci=nocrs" and report a bug
[    0.617653] ACPI: PCI Root Bridge [PCI0] (domain 0000 [bus 00-ff])
[    0.619876] acpi PNP0A03:00: _OSC: OS supports [ASPM ClockPM Segments MSI]
[    0.622951] acpi PNP0A03:00: _OSC: not requesting OS control; OS requires [ExtendedConfig ASPM ClockPM MSI]
[    0.625770] acpi PNP0A03:00: fail to add MMCONFIG information, can't access extended PCI configuration space under this bridge.
[    0.629632] PCI host bridge to bus 0000:00
[    0.631036] pci_bus 0000:00: root bus resource [io  0x0000-0x0cf7 window]
[    0.633034] pci_bus 0000:00: root bus resource [io  0x0d00-0xffff window]
[    0.635129] pci_bus 0000:00: root bus resource [mem 0x000a0000-0x000bffff window]
[    0.637665] pci_bus 0000:00: root bus resource [mem 0x40000000-0xfdffffff window]
[    0.640514] pci_bus 0000:00: root bus resource [bus 00-ff]
[    0.645243] pci 0000:00:01.1: legacy IDE quirk: reg 0x10: [io  0x01f0-0x01f7]
[    0.647088] pci 0000:00:01.1: legacy IDE quirk: reg 0x14: [io  0x03f6]
[    0.649460] pci 0000:00:01.1: legacy IDE quirk: reg 0x18: [io  0x0170-0x0177]
[    0.652085] pci 0000:00:01.1: legacy IDE quirk: reg 0x1c: [io  0x0376]
[    0.677428] pci 0000:00:07.0: quirk: [io  0x4000-0x403f] claimed by PIIX4 ACPI
[    0.696330] pci 0000:00:07.0: quirk: [io  0x4100-0x410f] claimed by PIIX4 SMB
[    0.706773] ACPI: PCI Interrupt Link [LNKA] (IRQs 5 9 10 *11)
[    0.709396] ACPI: PCI Interrupt Link [LNKB] (IRQs 5 9 *10 11)
[    0.711796] ACPI: PCI Interrupt Link [LNKC] (IRQs 5 *9 10 11)
[    0.714163] ACPI: PCI Interrupt Link [LNKD] (IRQs 5 9 10 *11)
[    0.716639] ACPI: Enabled 2 GPEs in block 00 to 07
[    0.718526] vgaarb: setting as boot device: PCI:0000:00:02.0
[    0.720526] vgaarb: device added: PCI:0000:00:02.0,decodes=io+mem,owns=io+mem,locks=none
[    0.722980] vgaarb: loaded
[    0.724111] vgaarb: bridge control possible 0000:00:02.0
[    0.726421] SCSI subsystem initialized
[    0.727844] ACPI: bus type USB registered
[    0.729427] usbcore: registered new interface driver usbfs
[    0.731198] usbcore: registered new interface driver hub
[    0.733764] usbcore: registered new device driver usb
[    0.735785] PCI: Using ACPI for IRQ routing
[    0.737743] NetLabel: Initializing
[    0.739129] NetLabel:  domain hash size = 128
[    0.740680] NetLabel:  protocols = UNLABELED CIPSOv4
[    0.743006] NetLabel:  unlabeled traffic allowed by default
[    0.745124] amd_nb: Cannot enumerate AMD northbridges
[    0.746866] clocksource: Switched to clocksource kvm-clock
[    0.758282] AppArmor: AppArmor Filesystem Enabled
[    0.760622] pnp: PnP ACPI init
[    0.763683] pnp: PnP ACPI: found 3 devices
[    0.776578] clocksource: acpi_pm: mask: 0xffffff max_cycles: 0xffffff, max_idle_ns: 2085701024 ns
[    0.780724] NET: Registered protocol family 2
[    0.782717] TCP established hash table entries: 8192 (order: 4, 65536 bytes)
[    0.785444] TCP bind hash table entries: 8192 (order: 5, 131072 bytes)
[    0.787983] TCP: Hash tables configured (established 8192 bind 8192)
[    0.790732] UDP hash table entries: 512 (order: 2, 16384 bytes)
[    0.793132] UDP-Lite hash table entries: 512 (order: 2, 16384 bytes)
[    0.795000] NET: Registered protocol family 1
[    0.796776] pci 0000:00:00.0: Limiting direct PCI/PCI transfers
[    0.798883] pci 0000:00:01.0: Activating ISA DMA hang workarounds
[    0.801140] Unpacking initramfs...
[    1.073608] Freeing initrd memory: 14824K
[    1.075096] clocksource: tsc: mask: 0xffffffffffffffff max_cycles: 0x27178096781, max_idle_ns: 440795249729 ns
[    1.078234] platform rtc_cmos: registered platform RTC device (no PNP device found)
[    1.080881] Scanning for low memory corruption every 60 seconds
[    1.083023] audit: initializing netlink subsys (disabled)
[    1.084751] audit: type=2000 audit(1564471471.939:1): initialized
[    1.086880] Initialise system trusted keyring
[    1.088614] HugeTLB registered 2 MB page size, pre-allocated 0 pages
[    1.092386] zbud: loaded
[    1.093876] VFS: Disk quotas dquot_6.6.0
[    1.095108] VFS: Dquot-cache hash table entries: 512 (order 0, 4096 bytes)
[    1.097726] squashfs: version 4.0 (2009/01/31) Phillip Lougher
[    1.100260] fuse init (API version 7.23)
[    1.101727] Key type big_key registered
[    1.103053] Allocating IMA MOK and blacklist keyrings.
[    1.106177] Key type asymmetric registered
[    1.107615] Asymmetric key parser 'x509' registered
[    1.109392] Block layer SCSI generic (bsg) driver version 0.4 loaded (major 249)
[    1.111992] io scheduler noop registered
[    1.113404] io scheduler deadline registered (default)
[    1.115027] io scheduler cfq registered
[    1.116543] pci_hotplug: PCI Hot Plug PCI Core version: 0.5
[    1.118201] pciehp: PCI Express Hot Plug Controller Driver version: 0.4
[    1.120424] ACPI: AC Adapter [AC] (on-line)
[    1.121895] input: Power Button as /devices/LNXSYSTM:00/LNXPWRBN:00/input/input0
[    1.124405] ACPI: Power Button [PWRF]
[    1.125888] input: Sleep Button as /devices/LNXSYSTM:00/LNXSLPBN:00/input/input1
[    1.128263] ACPI: Sleep Button [SLPF]
[    1.130755] ACPI: Battery Slot [BAT0] (battery present)
[    1.132633] GHES: HEST is not enabled!
[    1.134040] Serial: 8250/16550 driver, 32 ports, IRQ sharing enabled
[    1.156974] 00:02: ttyS0 at I/O 0x3f8 (irq = 4, base_baud = 115200) is a 16550A
[    1.161717] Linux agpgart interface v0.103
[    1.164932] loop: module loaded
[    1.166977] scsi host0: ata_piix
[    1.168329] scsi host1: ata_piix
[    1.169593] ata1: PATA max UDMA/33 cmd 0x1f0 ctl 0x3f6 bmdma 0xd000 irq 14
[    1.171576] ata2: PATA max UDMA/33 cmd 0x170 ctl 0x376 bmdma 0xd008 irq 15
[    1.174066] libphy: Fixed MDIO Bus: probed
[    1.175532] tun: Universal TUN/TAP device driver, 1.6
[    1.177059] tun: (C) 1999-2004 Max Krasnyansky <maxk@qualcomm.com>
[    1.179041] PPP generic driver version 2.4.2
[    1.180622] ehci_hcd: USB 2.0 'Enhanced' Host Controller (EHCI) Driver
[    1.182523] ehci-pci: EHCI PCI platform driver
[    1.184195] ehci-platform: EHCI generic platform driver
[    1.185803] ohci_hcd: USB 1.1 'Open' Host Controller (OHCI) Driver
[    1.187592] ohci-pci: OHCI PCI platform driver
[    1.189249] ohci-platform: OHCI generic platform driver
[    1.190875] uhci_hcd: USB Universal Host Controller Interface driver
[    1.193289] i8042: PNP: PS/2 Controller [PNP0303:PS2K,PNP0f03:PS2M] at 0x60,0x64 irq 1,12
[    1.196844] serio: i8042 KBD port at 0x60,0x64 irq 1
[    1.198491] serio: i8042 AUX port at 0x60,0x64 irq 12
[    1.200359] mousedev: PS/2 mouse device common for all mice
[    1.202659] input: AT Translated Set 2 keyboard as /devices/platform/i8042/serio0/input/input2
[    1.206157] rtc_cmos rtc_cmos: rtc core: registered rtc_cmos as rtc0
[    1.208063] rtc_cmos rtc_cmos: alarms up to one day, 114 bytes nvram
[    1.209862] i2c /dev entries driver
[    1.211123] device-mapper: uevent: version 1.0.3
[    1.212966] device-mapper: ioctl: 4.34.0-ioctl (2015-10-28) initialised: dm-devel@redhat.com
[    1.216178] ledtrig-cpu: registered to indicate activity on CPUs
[    1.218597] NET: Registered protocol family 10
[    1.220464] NET: Registered protocol family 17
[    1.222148] Key type dns_resolver registered
[    1.224131] registered taskstats version 1
[    1.225509] Loading compiled-in X.509 certificates
[    1.228127] Loaded X.509 cert 'Build time autogenerated kernel key: 3e01e6df98386236d59670e6b2ed19a044d5324e'
[    1.231189] zswap: loaded using pool lzo/zbud
[    1.234778] Key type trusted registered
[    1.239796] Key type encrypted registered
[    1.241107] AppArmor: AppArmor sha1 policy hashing enabled
[    1.242733] ima: No TPM chip found, activating TPM-bypass!
[    1.244340] ima: Allocated hash algorithm: sha1
[    1.246179] evm: HMAC attrs: 0x1
[    1.247611]   Magic number: 11:376:421
[    1.248989] rtc_cmos rtc_cmos: setting system clock to 2019-07-30 07:24:27 UTC (1564471467)
[    1.251854] BIOS EDD facility v0.16 2004-Jun-25, 0 devices found
[    1.253581] EDD information not available.
[    1.334846] Freeing unused kernel memory: 1484K
[    1.336633] Write protecting the kernel read-only data: 14336k
[    1.338680] Freeing unused kernel memory: 1612K
[    1.340697] Freeing unused kernel memory: 64K
Loading, please wait...
starting version 229
[    1.357500] random: systemd-udevd: uninitialized urandom read (16 bytes read, 3 bits of entropy available)
[    1.358292] random: udevadm: uninitialized urandom read (16 bytes read, 3 bits of entropy available)
[    1.358315] random: udevadm: uninitialized urandom read (16 bytes read, 3 bits of entropy available)
[    1.369024] random: systemd-udevd: uninitialized urandom read (16 bytes read, 3 bits of entropy available)
[    1.369386] random: udevadm: uninitialized urandom read (16 bytes read, 3 bits of entropy available)
[    1.369438] random: udevadm: uninitialized urandom read (16 bytes read, 3 bits of entropy available)
[    1.369652] random: udevadm: uninitialized urandom read (16 bytes read, 3 bits of entropy available)
[    1.369717] random: udevadm: uninitialized urandom read (16 bytes read, 3 bits of entropy available)
[    1.369779] random: udevadm: uninitialized urandom read (16 bytes read, 3 bits of entropy available)
[    1.369843] random: udevadm: uninitialized urandom read (16 bytes read, 3 bits of entropy available)
[    1.434499] e1000: Intel(R) PRO/1000 Network Driver - version 7.3.21-k8-NAPI
[    1.436361] e1000: Copyright (c) 1999-2006 Intel Corporation.
[    1.443860] Fusion MPT base driver 3.04.20
[    1.445393] Copyright (c) 1999-2008 LSI Corporation
[    1.462818] Fusion MPT SPI Host driver 3.04.20
[    1.470143] AVX2 version of gcm_enc/dec engaged.
[    1.471841] AES CTR mode by8 optimization enabled
[    1.650888] input: ImExPS/2 Generic Explorer Mouse as /devices/platform/i8042/serio1/input/input4
[    1.858426] e1000 0000:00:03.0 eth0: (PCI:33MHz:32-bit) 02:c2:66:bb:16:6d
[    1.860376] e1000 0000:00:03.0 eth0: Intel(R) PRO/1000 Network Connection
[    1.864461] e1000 0000:00:03.0 enp0s3: renamed from eth0
[    1.866400] mptbase: ioc0: Initiating bringup
[    2.182039] ioc0: LSI53C1030 A0: Capabilities={Initiator}
[    3.466653] scsi host2: ioc0: LSI53C1030 A0, FwRev=00000000h, Ports=1, MaxQ=256, IRQ=20
[    4.047244] scsi 2:0:0:0: Direct-Access     VBOX     HARDDISK         1.0  PQ: 0 ANSI: 5
[    4.049911] scsi target2:0:0: Beginning Domain Validation
[    4.053307] scsi target2:0:0: Domain Validation skipping write tests
[    4.055160] scsi target2:0:0: Ending Domain Validation
[    4.056825] scsi target2:0:0: asynchronous
[    4.059067] scsi 2:0:1:0: Direct-Access     VBOX     HARDDISK         1.0  PQ: 0 ANSI: 5
[    4.062161] scsi target2:0:1: Beginning Domain Validation
[    4.065427] scsi target2:0:1: Domain Validation skipping write tests
[    4.067297] scsi target2:0:1: Ending Domain Validation
[    4.068967] scsi target2:0:1: asynchronous
[    4.076499] sd 2:0:0:0: [sda] 20971520 512-byte logical blocks: (10.7 GB/10.0 GiB)
[    4.076784] sd 2:0:0:0: Attached scsi generic sg0 type 0
[    4.077649] sd 2:0:1:0: Attached scsi generic sg1 type 0
[    4.100594] sd 2:0:1:0: [sdb] 20480 512-byte logical blocks: (10.5 MB/10.0 MiB)
[    4.100800] sd 2:0:0:0: [sda] Write Protect is off
[    4.100942] sd 2:0:0:0: [sda] Incomplete mode parameter data
[    4.100944] sd 2:0:0:0: [sda] Assuming drive cache: write through
[    4.109386] sd 2:0:1:0: [sdb] Write Protect is off
[    4.111247] sd 2:0:1:0: [sdb] Incomplete mode parameter data
[    4.113001] sd 2:0:1:0: [sdb] Assuming drive cache: write through
[    4.113348]  sda: sda1
[    4.115885] sd 2:0:0:0: [sda] Attached SCSI disk
[    4.121484] sd 2:0:1:0: [sdb] Attached SCSI disk
Begin: Loading essential drivers ... [    5.754679] md: linear personality registered for level -1
[    5.759338] md: multipath personality registered for level -4
[    5.763224] md: raid0 personality registered for level 0
[    5.768147] md: raid1 personality registered for level 1
[    5.839670] raid6: sse2x1   gen()  8311 MB/s
[    5.907006] raid6: sse2x1   xor()  4750 MB/s
[    5.975344] raid6: sse2x2   gen()  9993 MB/s
[    6.043657] raid6: sse2x2   xor()  6575 MB/s
[    6.111019] raid6: sse2x4   gen() 10792 MB/s
[    6.178894] raid6: sse2x4   xor()  7075 MB/s
[    6.247648] raid6: avx2x1   gen() 15221 MB/s
[    6.315013] raid6: avx2x2   gen() 17327 MB/s
[    6.383309] raid6: avx2x4   gen() 18638 MB/s
[    6.384929] raid6: using algorithm avx2x4 gen() 18638 MB/s
[    6.386603] raid6: using avx2x2 recovery algorithm
[    6.389735] xor: automatically using best checksumming function:
[    6.431162]    avx       : 18063.000 MB/sec
[    6.434740] async_tx: api initialized (async)
[    6.451352] md: raid6 personality registered for level 6
[    6.453305] md: raid5 personality registered for level 5
[    6.455756] md: raid4 personality registered for level 4
[    6.466869] md: raid10 personality registered for level 10
done.
Begin: Running /scripts/init-premount ... done.
Begin: Mounting root file system ... Begin: Running /scripts/local-top ... done.
Begin: Running /scripts/local-premount ... [    6.525834] Btrfs loaded
Scanning for Btrfs filesystems
done.
Warning: fsck not present, so skipping root file system
[    6.573767] EXT4-fs (sda1): INFO: recovery required on readonly filesystem
[    6.576109] EXT4-fs (sda1): write access will be enabled during recovery
[    6.627584] EXT4-fs (sda1): recovery complete
[    6.629459] EXT4-fs (sda1): mounted filesystem with ordered data mode. Opts: (null)
done.
Begin: Running /scripts/local-bottom ... done.
Begin: Running /scripts/init-bottom ... done.
[    6.740850] systemd[1]: systemd 229 running in system mode. (+PAM +AUDIT +SELINUX +IMA +APPARMOR +SMACK +SYSVINIT +UTMP +LIBCRYPTSETUP +GCRYPT +GNUTLS +ACL +XZ -LZ4 +SECCOMP +BLKID +ELFUTILS +KMOD -IDN)
[    6.746137] systemd[1]: Detected virtualization oracle.
[    6.747838] systemd[1]: Detected architecture x86-64.

Welcome to [1mUbuntu 16.04.6 LTS[0m!

[    6.751410] systemd[1]: Set hostname to <ubuntu-xenial>.
[    6.916457] systemd[1]: Created slice System Slice.
[[0;32m  OK  [0m] Created slice System Slice.
[    6.919703] systemd[1]: Reached target Encrypted Volumes.
[[0;32m  OK  [0m] Reached target Encrypted Volumes.
[    6.922670] systemd[1]: Started Trigger resolvconf update for networkd DNS.
[[0;32m  OK  [0m] Started Trigger resolvconf update for networkd DNS.
[    6.926237] systemd[1]: Listening on LVM2 poll daemon socket.
[[0;32m  OK  [0m] Listening on LVM2 poll daemon socket.
[    6.929871] systemd[1]: Set up automount Arbitrary Executable File Formats File System Automount Point.
[[0;32m  OK  [0m] Set up automount Arbitrary Executab...ats File System Automount Point.
[    6.934585] systemd[1]: Reached target Swap.
[[0;32m  OK  [0m] Reached target Swap.
[    6.937228] systemd[1]: Listening on Journal Socket.
[[0;32m  OK  [0m] Listening on Journal Socket.
[    6.951435] systemd[1]: Mounting Debug File System...
         Mounting Debug File System...
[    6.959421] systemd[1]: Starting Load Kernel Modules...
         Starting Load Kernel Modules...
[    6.963524] systemd[1]: Mounting Huge Pages File System...
         Mounting Huge Pages File System...
[    6.966867] systemd[1]: Reached target User and Group Name Lookups.
[[0;32m  OK  [0m] Reached target User and Group Name Lookups.
[    6.970385] systemd[1]: Listening on Syslog Socket.
[[0;32m  OK  [0m] Listening on Syslog Socket.
[    6.976354] Loading iSCSI transport class v2.0-870.
[    6.979932] systemd[1]: Listening on LVM2 metadata daemon socket.
[[0;32m  OK  [0m] Listening on LVM2 metadata daemon socket.
[    6.986522] iscsi: registered transport (tcp)
[    6.995024] systemd[1]: Mounting POSIX Message Queue File System...
         Mounting POSIX Message Queue File System...
[    6.999143] systemd[1]: Listening on Device-mapper event daemon FIFOs.
[[0;32m  OK  [0m] Listening on Device-mapper event daemon FIFOs.
[    7.004042] systemd[1]: Starting Monitoring of LVM2 mirrors, snapshots etc. using dmeventd or progress polling...
         Starting Monitoring of LVM2 mirrors... dmeventd or progress polling...
[    7.009973] systemd[1]: Listening on udev Kernel Socket.
[[0;32m  OK  [0m] Listening on udev Kernel Socket.
[    7.028646] iscsi: registered transport (iser)
[    7.035470] systemd[1]: Starting Uncomplicated firewall...
         Starting Uncomplicated firewall...
[    7.039444] systemd[1]: Starting Remount Root and Kernel File Systems...
         Starting Remount Root and Kernel File Systems...
[    7.043648] systemd[1]: Starting Set console keymap...
[    7.045996] EXT4-fs (sda1): re-mounted. Opts: (null)
         Starting Set console keymap...
[    7.050130] systemd[1]: Starting Nameserver information manager...
         Starting Nameserver information manager...
[    7.053925] systemd[1]: Listening on /dev/initctl Compatibility Named Pipe.
[[0;32m  OK  [0m] Listening on /dev/initctl Compatibility Named Pipe.
[    7.058873] systemd[1]: Listening on Journal Audit Socket.
[[0;32m  OK  [0m] Listening on Journal Audit Socket.
[    7.062200] systemd[1]: Listening on udev Control Socket.
[[0;32m  OK  [0m] Listening on udev Control Socket.
[    7.066493] systemd[1]: Created slice system-serial\x2dgetty.slice.
[[0;32m  OK  [0m] Created slice system-serial\x2dgetty.slice.
[    7.071004] systemd[1]: Reached target System Time Synchronized.
[[0;32m  OK  [0m] Reached target System Time Synchronized.
[    7.075386] systemd[1]: Started Forward Password Requests to Wall Directory Watch.
[[0;32m  OK  [0m] Started Forward Password Requests to Wall Directory Watch.
[    7.081380] systemd[1]: Created slice User and Session Slice.
[[0;32m  OK  [0m] Created slice User and Session Slice.
[    7.085607] systemd[1]: Reached target Slices.
[[0;32m  OK  [0m] Reached target Slices.
[    7.089194] systemd[1]: Listening on Journal Socket (/dev/log).
[[0;32m  OK  [0m] Listening on Journal Socket (/dev/log).
[    7.111086] systemd[1]: Starting Journal Service...
         Starting Journal Service...
[    7.114729] systemd[1]: Starting Create list of required static device nodes for the current kernel...
         Starting Create list of required st... nodes for the current kernel...
[    7.122491] systemd[1]: Mounted Huge Pages File System.
[[0;32m  OK  [0m] Mounted Huge Pages File System.
[    7.125776] systemd[1]: Mounted Debug File System.
[[0;32m  OK  [0m] Mounted Debug File System.
[    7.130380] systemd[1]: Mounted POSIX Message Queue File System.
[[0;32m  OK  [0m] Mounted POSIX Message Queue File System.
[    7.134559] systemd[1]: Started Load Kernel Modules.
[[0;32m  OK  [0m] Started Load Kernel Modules.
[    7.138855] systemd[1]: Started Uncomplicated firewall.
[[0;32m  OK  [0m] Started Uncomplicated firewall.
[    7.143515] systemd[1]: Started Remount Root and Kernel File Systems.
[[0;32m  OK  [0m] Started Remount Root and Kernel File Systems.
[    7.149040] systemd[1]: Started Create list of required static device nodes for the current kernel.
[[0;32m  OK  [0m] Started Create list of required sta...ce nodes for the current kernel.
[    7.158056] systemd[1]: Started Journal Service.
[[0;32m  OK  [0m] Started Journal Service.
[[0;32m  OK  [0m] Started Nameserver information manager.
[[0;32m  OK  [0m] Started Set console keymap.
[[0;32m  OK  [0m] Started LVM2 metadata daemon.
         Starting Create Static Device Nodes in /dev...
         Starting Load/Save Random Seed...
         Starting Flush Journal to Persistent Storage...
         Starting udev Coldplug all Devices...
         [    7.266593] random: nonblocking pool is initialized
Mounting FUSE Control File System...
         Starting Apply Kernel Variables...
[[0;32m  OK  [0m] Mounted FUSE Control File System.
[[0;32m  OK  [0m] Started Load/Save Random Seed.
[[0;32m  OK  [0m] Started Apply Kernel Variables.
[[0;32m  OK  [0m] Started Create Static Device Nodes in /dev.
[[0;32m  OK  [0m] Started udev Coldplug all Devices.
[[0;32m  OK  [0m] Started Flush Journal to Persistent Storage.
         Starting udev Kernel Device Manager...
[[0;32m  OK  [0m] Started udev Kernel Device Manager.
[[0;32m  OK  [0m] Started Dispatch Password Requests to Console Directory Watch.
[[0;32m  OK  [0m] Found device /dev/ttyS0.
[[0;32m  OK  [0m] Listening on Load/Save RF Kill Switch Status /dev/rfkill Watch.
[[0;32m  OK  [0m] Found device 82540EM Gigabit Ethern...r (PRO/1000 MT Desktop Adapter).
[[0;32m  OK  [0m] Started Monitoring of LVM2 mirrors,...ng dmeventd or progress polling.
[[0;32m  OK  [0m] Reached target Local File Systems (Pre).
[[0;32m  OK  [0m] Reached target Local File Systems.
         Starting Tell Plymouth To Write Out Runtime Data...
         Starting Set console font and keymap...
         Starting Initial cloud-init job (pre-networking)...
         Starting Create Volatile Files and Directories...
         Starting LSB: AppArmor initialization...
[[0;32m  OK  [0m] Started Tell Plymouth To Write Out Runtime Data.
[[0;32m  OK  [0m] Started Create Volatile Files and Directories.
         Starting Update UTMP about System Boot/Shutdown...
[[0;32m  OK  [0m] Started Update UTMP about System Boot/Shutdown.
[[0;32m  OK  [0m] Started LSB: AppArmor initialization.
[[0;32m  OK  [0m] Started Set console font and keymap.
[[0;32m  OK  [0m] Created slice system-getty.slice.
[    9.332480] cloud-init[635]: Cloud-init v. 19.1-1-gbaa47854-0ubuntu1~16.04.1 running 'init-local' at Tue, 30 Jul 2019 07:24:35 +0000. Up 8.93 seconds.
[[0;32m  OK  [0m] Started Initial cloud-init job (pre-networking).
[[0;32m  OK  [0m] Reached target Network (Pre).
[[0;32m  OK  [0m] Started ifup for enp0s3.
         Starting Raise network interfaces...
[[0;32m  OK  [0m] Started Raise network interfaces.
         Starting Initial cloud-init job (metadata service crawler)...
[[0;32m  OK  [0m] Reached target Network.
[   10.506821] cloud-init[984]: Cloud-init v. 19.1-1-gbaa47854-0ubuntu1~16.04.1 running 'init' at Tue, 30 Jul 2019 07:24:36 +0000. Up 10.09 seconds.
[   10.510352] cloud-init[984]: ci-info: ++++++++++++++++++++++++++++++++++++++Net device info++++++++++++++++++++++++++++++++++++++
[   10.516794] cloud-init[984]: ci-info: +--------+------+----------------------------+---------------+--------+-------------------+
[   10.520494] cloud-init[984]: ci-info: | Device |  Up  |          Address           |      Mask     | Scope  |     Hw-Address    |
[   10.528260] cloud-init[984]: ci-info: +--------+------+----------------------------+---------------+--------+-------------------+
[   10.533149] cloud-init[984]: ci-info: | enp0s3 | True |         10.0.2.15          | 255.255.255.0 | global | 02:c2:66:bb:16:6d |
[   10.541227] cloud-init[984]: ci-info: | enp0s3 | True | fe80::c2:66ff:febb:166d/64 |       .       |  link  | 02:c2:66:bb:16:6d |
[   10.543735] cloud-init[984]: ci-info: |   lo   | True |         127.0.0.1          |   255.0.0.0   |  host  |         .         |
[   10.550643] cloud-init[984]: ci-info: |   lo   | True |          ::1/128           |       .       |  host  |         .         |
[   10.553373] cloud-init[984]: ci-info: +--------+------+----------------------------+---------------+--------+-------------------+
[   10.556258] cloud-init[984]: ci-info: +++++++++++++++++++++++++++Route IPv4 info++++++++++++++++++++++++++++
[   10.558762] cloud-init[984]: ci-info: +-------+-------------+----------+---------------+-----------+-------+
[   10.561500] cloud-init[984]: ci-info: | Route | Destination | Gateway  |    Genmask    | Interface | Flags |
[   10.564848] cloud-init[984]: ci-info: +-------+-------------+----------+---------------+-----------+-------+
[   10.567428] cloud-init[984]: ci-info: |   0   |   0.0.0.0   | 10.0.2.2 |    0.0.0.0    |   enp0s3  |   UG  |
[   10.570077] cloud-init[984]: ci-info: |   1   |   10.0.2.0  | 0.0.0.0  | 255.255.255.0 |   enp0s3  |   U   |
[   10.572642] cloud-init[984]: ci-info: +-------+-------------+----------+---------------+-----------+-------+
[   10.575193] cloud-init[984]: ci-info: +++++++++++++++++++Route IPv6 info+++++++++++++++++++
[   10.577533] cloud-init[984]: ci-info: +-------+-------------+---------+-----------+-------+
[   10.579797] cloud-init[984]: ci-info: | Route | Destination | Gateway | Interface | Flags |
[   10.582119] cloud-init[984]: ci-info: +-------+-------------+---------+-----------+-------+
[   10.584294] cloud-init[984]: ci-info: |   0   |  fe80::/64  |    ::   |   enp0s3  |   U   |
[   10.586417] cloud-init[984]: ci-info: |   3   |   ff00::/8  |    ::   |   enp0s3  |   U   |
[   10.588740] cloud-init[984]: ci-info: +-------+-------------+---------+-----------+-------+
[[0;32m  OK  [0m] Started Initial cloud-init job (metadata service crawler).
[[0;32m  OK  [0m] Reached target System Initialization.
[[0;32m  OK  [0m] Listening on D-Bus System Message Bus Socket.
         Starting Socket activation for snappy daemon.
[[0;32m  OK  [0m] Started Daily Cleanup of Temporary Directories.
[[0;32m  OK  [0m] Started Daily apt download activities.
[[0;32m  OK  [0m] Started Daily apt upgrade and clean activities.
[[0;32m  OK  [0m] Listening on UUID daemon activation socket.
         Starting LXD - unix socket.
[[0;32m  OK  [0m] Listening on ACPID Listen Socket.
[[0;32m  OK  [0m] Reached target Timers.
[[0;32m  OK  [0m] Started ACPI Events Check.
[[0;32m  OK  [0m] Reached target Paths.
[[0;32m  OK  [0m] Reached target Cloud-config availability.
[[0;32m  OK  [0m] Reached target Network is Online.
         Starting iSCSI initiator daemon (iscsid)...
[[0;32m  OK  [0m] Listening on Socket activation for snappy daemon.
[[0;32m  OK  [0m] Listening on LXD - unix socket.
[[0;32m  OK  [0m] Started iSCSI initiator daemon (iscsid).
         Starting Login to default iSCSI targets...
[[0;32m  OK  [0m] Reached target Sockets.
[[0;32m  OK  [0m] Reached target Basic System.
         Starting /etc/rc.local Compatibility...
         Starting Login Service...
[[0;32m  OK  [0m] Started D-Bus System Message Bus.
[[0;32m  OK  [0m] Started Deferred execution scheduler.
         Starting System Logging Service...
         Starting Accounts Service...
         Starting LXD - container startup/shutdown...
         Starting Virtualbox guest utils...
[[0;32m  OK  [0m] Started Regular background program processing daemon.
         Starting LSB: MD monitoring daemon...
[[0;32m  OK  [0m] Started FUSE filesystem for LXC.
         Starting OpenBSD Secure Shell server...
         Starting Snappy daemon...
         Starting LSB: Record successful boot for GRUB...
[[0;32m  OK  [0m] Started ACPI event daemon.
[[0;32m  OK  [0m] Started System Logging Service.
[[0;32m  OK  [0m] Started /etc/rc.local Compatibility.
[[0;32m  OK  [0m] Started OpenBSD Secure Shell server.
[[0;32m  OK  [0m] Started Login to default iSCSI targets.
[[0;32m  OK  [0m] Started LSB: Record successful boot for GRUB.
[[0;32m  OK  [0m] Started LSB: MD monitoring daemon.
[[0;32m  OK  [0m] Started LXD - container startup/shutdown.
[[0;32m  OK  [0m] Started Login Service.
[[0;32m  OK  [0m] Started Unattended Upgrades Shutdown.
         Starting Authenticate and Authorize Users to Run Privileged Tasks...
[[0;32m  OK  [0m] Reached target Remote File Systems (Pre).
[[0;32m  OK  [0m] Reached target Remote File Systems.
         Starting LSB: daemon to balance interrupts for SMP systems...
         Starting Permit User Sessions...
         Starting LSB: Set the CPU Frequency Scaling governor to "ondemand"...
         Starting LSB: automatic crash report generation...
[[0;32m  OK  [0m] Started Permit User Sessions.
[[0;32m  OK  [0m] Started Virtualbox guest utils.
[[0;32m  OK  [0m] Started LSB: Set the CPU Frequency Scaling governor to "ondemand".
         Starting Hold until boot process finishes up...
         Starting Terminate Plymouth Boot Screen...
[[0;32m  OK  [0m] Started Hold until boot process finishes up.
[[0;32m  OK  [0m] Started Authenticate and Authorize Users to Run Privileged Tasks.
[[0;32m  OK  [0m] Started Accounts Service.
[[0;32m  OK  [0m] Started LSB: automatic crash report generation.
[[0;32m  OK  [0m] Started Terminate Plymouth Boot Screen.
[[0;32m  OK  [0m] Started LSB: daemon to balance interrupts for SMP systems.
[[0;32m  OK  [0m] Started Getty on tty1.
         Starting Set console scheme...
[[0;32m  OK  [0m] Started Serial Getty on ttyS0.
[[0;32m  OK  [0m] Reached target Login Prompts.
[[0;32m  OK  [0m] Started Set console scheme.
[[0;32m  OK  [0m] Started Snappy daemon.
         Starting Wait until snapd is fully seeded...
[[0;32m  OK  [0m] Started Wait until snapd is fully seeded.
         Starting Apply the settings specified in cloud-config...
[[0;32m  OK  [0m] Reached target Multi-User System.
[[0;32m  OK  [0m] Reached target Graphical Interface.
         Starting Update UTMP about System Runlevel Changes...
[[0;32m  OK  [0m] Started Update UTMP about System Runlevel Changes.
[   11.994154] cloud-init[1249]: Cloud-init v. 19.1-1-gbaa47854-0ubuntu1~16.04.1 running 'modules:config' at Tue, 30 Jul 2019 07:24:38 +0000. Up 11.79 seconds.
[[0;32m  OK  [0m] Started Apply the settings specified in cloud-config.
         Starting Execute cloud user/final scripts...
[[0;32m  OK  [0m] Created slice User Slice of vagrant.
         Starting User Manager for UID 1000...
[[0;32m  OK  [0m] Started Session 1 of user vagrant.
[[0;32m  OK  [0m] Started User Manager for UID 1000.
[   12.864243] cloud-init[1264]: Cloud-init v. 19.1-1-gbaa47854-0ubuntu1~16.04.1 running 'modules:final' at Tue, 30 Jul 2019 07:24:39 +0000. Up 12.65 seconds.
[   12.867827] cloud-init[1264]: Cloud-init v. 19.1-1-gbaa47854-0ubuntu1~16.04.1 finished at Tue, 30 Jul 2019 07:24:39 +0000. Datasource DataSourceNoCloud [seed=/dev/sdb][dsmode=net].  Up 12.85 seconds
[[0;32m  OK  [0m] Started Execute cloud user/final scripts.
         Starting Daily apt download activities...
[[0;32m  OK  [0m] Reached target Cloud-init target.
         Stopping User Manager for UID 1000...
[[0;32m  OK  [0m] Stopped User Manager for UID 1000.
[[0;32m  OK  [0m] Removed slice User Slice of vagrant.

Ubuntu 16.04.6 LTS ubuntu-xenial ttyS0

ubuntu-xenial login:          Stopping Session 13 of user vagrant.
         Stopping User Manager for UID 1000...
[[0;32m  OK  [0m] Stopped target Timers.
[[0;32m  OK  [0m] Stopped Daily Cleanup of Temporary Directories.
         Stopping Session 4 of user vagrant.
         Stopping ACPI event daemon...
[[0;32m  OK  [0m] Closed Load/Save RF Kill Switch Status /dev/rfkill Watch.
         Stopping Authenticate and Authorize Users to Run Privileged Tasks...
[[0;32m  OK  [0m] Stopped target Cloud-init target.
[[0;32m  OK  [0m] Stopped target Graphical Interface.
         Stopping Accounts Service...
[[0;32m  OK  [0m] Stopped Daily apt upgrade and clean activities.
[[0;32m  OK  [0m] Stopped Daily apt download activities.
[[0;32m  OK  [0m] Stopped target System Time Synchronized.
[[0;32m  OK  [0m] Stopped Execute cloud user/final scripts.
[[0;32m  OK  [0m] Stopped Apply the settings specified in cloud-config.
[[0;32m  OK  [0m] Stopped target Cloud-config availability.
[[0;32m  OK  [0m] Stopped target Multi-User System.
         Stopping Virtualbox guest utils...
         Stopping LSB: MD monitoring daemon...
         Stopping LXD - container startup/shutdown...
         Stopping System Logging Service...
         Stopping Unattended Upgrades Shutdown...
[[0;32m  OK  [0m] Stopped Wait until snapd is fully seeded.
         Stopping Deferred execution scheduler...
         Stopping D-Bus System Message Bus...
         Stopping Regular background program processing daemon...
         Stopping FUSE filesystem for LXC...
         Stopping LSB: automatic crash report generation...
         Stopping LSB: Set the CPU Frequency Scaling governor to "ondemand"...
         Stopping OpenBSD Secure Shell se         Stopping LSB: daemon to balance interrupts for SMP systems...
         Stopping LSB: Record successful boot for GRUB...
[[0;32m  OK  [0m] Unmounted /var/lib/lxcfs.
[[0;32m  OK  [0m] Stopped Deferred execution scheduler.
[[0;32m  OK  [0m] Stopped System Logging Service.
[[0;32m  OK  [0m] Stopped Accounts Service.
[[0;32m  OK  [0m] Stopped Regular background program processing daemon.
[[0;32m  OK  [0m] Stopped ACPI event daemon.
[[0;32m  OK  [0m] Stopped OpenBSD Secure Shell server.
[[0;32m  OK  [0m] Stopped Unattended Upgrades Shutdown.
[[0;32m  OK  [0m] Stopped Authenticate and Authorize Users to Run Privileged Tasks.
[[0;32m  OK  [0m] Stopped Getty on tty1.
[[0;32m  OK  [0m] Stopped Serial Getty on ttyS0.
[[0;32m  OK  [0m] Stopped User Manager for UID 1000.
[[0;32m  OK  [0m] Stopped Session 4 of user vagrant.
[[0;32m  OK  [0m] Stopped Session 13 of user vagrant.
[[0;32m  OK  [0m] Stopped D-Bus System Message Bus.
[[0;32m  OK  [0m] Stopped FUSE filesystem for LXC.
[[0;32m  OK  [0m] Stopped LSB: MD monitoring daemon.
[[0;32m  OK  [0m] Stopped LXD - container startup/shutdown.
[[0;32m  OK  [0m] Stopped Virtualbox guest utils.
[[0;32m  OK  [0m] Stopped LSB: daemon to balance interrupts for SMP systems.
[[0;32m  OK  [0m] Stopped LSB: Record successful boot for GRUB.
[[0;32m  OK  [0m] Stopped LSB: Set the CPU Frequency Scaling governor to "ondemand".
[[0;32m  OK  [0m] Stopped LSB: automatic crash report generation.
[[0;32m  OK  [0m] Removed slice User Slice of vagrant.
[[0;32m  OK  [0m] Removed slice system-serial\x2dgetty.slice.
[[0;32m  OK  [0m] Stopped /etc/rc.local Compatibility.
         Stopping Permit User Sessions...
[[0;32m  OK  [0m] Removed slice system-getty.slice.
         Stopping Login Service...
[[0;32m  OK  [0m] Stopped Permit User Sessions.
[[0;32m  OK  [0m] Stopped target Remote File Systems.
[[0;32m  OK  [0m] Stopped target Remote File Systems (Pre).
         Stopping Login to default iSCSI targets...
[[0;32m  OK  [0m] Stopped Login to default iSCSI targets.
         Stopping iSCSI initiator daemon (iscsid)...
[[0;32m  OK  [0m] Stopped iSCSI initiator daemon (iscsid).
[[0;32m  OK  [0m] Stopped target Network is Online.
[[0;32m  OK  [0m] Stopped target Network.
[[0;32m  OK  [0m] Stopped Login Service.
[[0;32m  OK  [0m] Stopped target Basic System.
[[0;32m  OK  [0m] Stopped target Slices.
[[0;32m  OK  [0m] Stopped target Paths.
[[0;32m  OK  [0m] Stopped ACPI Events Check.
[[0;32m  OK  [0m] Stopped Dispatch Password Requests to Console Directory Watch.
[[0;32m  OK  [0m] Stopped Forward Password Requests to Wall Directory Watch.
[[0;32m  OK  [0m] Stopped target Sockets.
[[0;32m  OK  [0m] Closed ACPID Listen Socket.
[[0;32m  OK  [0m] Closed UUID daemon activation socket.
[[0;32m  OK  [0m] Closed LXD - unix socket.
[[0;32m  OK  [0m] Closed Socket activation for snappy daemon.
[[0;32m  OK  [0m] Closed Syslog Socket.
[[0;32m  OK  [0m] Removed slice User and Session Slice.
[[0;32m  OK  [0m] Closed D-Bus System Message Bus Socket.
[[0;32m  OK  [0m] Stopped target System Initialization.
[[0;32m  OK  [0m] Stopped target Encrypted Volumes.
         Stopping Load/Save Random Seed...
[[0;32m  OK  [0m] Stopped Initial cloud-init job (metadata service crawler).
         Stopping Raise network interfaces...
[[0;32m  OK  [0m] Stopped Create Volatile Files and Directories.
[[0;32m  OK  [0m] Stopped target Swap.
[[0;32m  OK  [0m] Stopped target User and Group Name Lookups.
[[0;32m  OK  [0m] Stopped Load/Save Random Seed.
[[0;32m  OK  [0m] Stopped Raise network interfaces.
[[0;32m  OK  [0m] Stopped target Network (Pre).
[[0;32m  OK  [0m] Stopped Initial cloud-init job (pre-networking).
[[0;32m  OK  [0m] Stopped target Local File Systems.
         Unmounting /run/user/1000...
         Unmounting /vagrant...
[[0;32m  OK  [0m] Stopped Apply Kernel Variables.
[[0;32m  OK  [0m] Stopped Load Kernel Modules.
[[0;32m  OK  [0m] Unmounted /run/user/1000.
[[0;32m  OK  [0m] Unmounted /vagrant.
[[0;32m  OK  [0m] Reached target Unmount All Filesystems.
[[0;32m  OK  [0m] Stopped target Local File Systems (Pre).
[[0;32m  OK  [0m] Stopped Remount Root and Kernel File Systems.
         Stopping Monitoring of LVM2 mirrors... dmeventd or progress polling...
[[0;32m  OK  [0m] Stopped Create Static Device Nodes in /dev.
[[0;32m  OK  [0m] Reached target Shutdown.
[ 6810.622450] reboot: Power down
